2022-12-10 14:13:48 Loading main app package /usr/lib/obsidian/obsidian.asar
2022-12-10 14:13:48 Checking for update using Github
2022-12-10 14:13:48 Success.
2022-12-10 14:13:48 Latest version is 1.0.3
2022-12-10 14:13:48 App is up to date.
2022-12-11 22:11:23 Loading main app package /usr/lib/obsidian/obsidian.asar
2022-12-11 22:11:23 Checking for update using Github
2022-12-11 22:11:24 Success.
2022-12-11 22:11:24 Latest version is 1.0.3
2022-12-11 22:11:24 App is up to date.
2022-12-11 22:13:12 Loading main app package /usr/lib/obsidian/obsidian.asar
2022-12-11 22:13:12 Checking for update using Github
2022-12-11 22:13:13 Success.
2022-12-11 22:13:13 Latest version is 1.0.3
2022-12-11 22:13:13 App is up to date.
2022-12-13 01:56:48 Loading main app package /usr/lib/obsidian/obsidian.asar
2022-12-13 01:56:49 Checking for update using Github
2022-12-13 01:56:49 Success.
2022-12-13 01:56:49 Latest version is 1.0.3
2022-12-13 01:56:49 App is up to date.
